<?xml version="1.0" encoding="UTF-8"?>
<!-- Generated by org.testng.reporters.JUnitXMLReporter -->
<testsuite ignored="0" hostname="Arjun" failures="0" tests="6" name="automationFramev1" time="126.048" errors="0" timestamp="2024-12-10T12:27:57 IST">
  <testcase classname="com.automationFramev1.testCases.TC_TestCases_001" name="testUserRegistration" time="8.312"/>
  <testcase classname="com.automationFramev1.testCases.TC_TestCases" name="loginData" time="14.144"/>
  <testcase classname="com.automationFramev1.testCases.TC_TestCases" name="loginData" time="12.981"/>
  <testcase classname="com.automationFramev1.testCases.TC_TestCases" name="loginData" time="7.897"/>
  <testcase classname="com.automationFramev1.testCases.TC_TestCases" name="loginData" time="12.596"/>
  <testcase classname="com.automationFramev1.testCases.TC_TestCases" name="loginData" time="13.563"/>
</testsuite> <!-- automationFramev1 -->
