<?xml version="1.0" encoding="UTF-8"?>
<!-- Generated by org.testng.reporters.JUnitXMLReporter -->
<testsuite ignored="0" hostname="Arjun" failures="0" tests="7" name="automationFramev1" time="103.163" errors="0" timestamp="2024-12-11T10:47:59 IST">
  <testcase classname="com.automationFramev1.testCases.TC_TestCases_001" name="testUserRegistration" time="7.545"/>
  <testcase classname="com.automationFramev1.testCases.TC_TestCases_002" name="loginData" time="13.201"/>
  <testcase classname="com.automationFramev1.testCases.TC_TestCases_002" name="loginData" time="14.404"/>
  <testcase classname="com.automationFramev1.testCases.TC_TestCases_002" name="loginData" time="4.115"/>
  <testcase classname="com.automationFramev1.testCases.TC_TestCases_002" name="loginData" time="12.46"/>
  <testcase classname="com.automationFramev1.testCases.TC_TestCases_002" name="loginData" time="12.38"/>
  <testcase classname="com.automationFramev1.testCases.TC_TestCases_003" name="homePageTest" time="20.989"/>
</testsuite> <!-- automationFramev1 -->
