<?xml version="1.0" encoding="UTF-8"?>
<testsuite xmlns:xsi="http://www.w3.org/2001/XMLSchema-instance" xsi:noNamespaceSchemaLocation="https://maven.apache.org/surefire/maven-surefire-plugin/xsd/surefire-test-report.xsd" name="TestSuite" time="145.756" tests="9" errors="0" skipped="0" failures="1">
  <properties>
[...]
</properties>
  <testcase name="testUserRegistration" classname="com.automationFramev1.testCases.TC_TestCases_001" time="3.963">
    <failure message="element click intercepted: Element &lt;input type=&quot;submit&quot; class=&quot;woocommerce-Button button&quot; name=&quot;register&quot; value=&quot;Register&quot;&gt; is not clickable at point (640, 419). Other element would receive the click: &lt;iframe id=&quot;aswift_5&quot; name=&quot;aswift_5&quot; browsingtopics=&quot;true&quot; style=&quot;width: 728px !important; height: 90px !important; display: block; margin: 0px auto;&quot; sandbox=&quot;allow-forms allow-popups allow-popups-to-escape-sandbox allow-same-origin allow-scripts allow-top-navigation-by-user-activation&quot; width=&quot;728&quot; height=&quot;90&quot; frameborder=&quot;0&quot; marginwidth=&quot;0&quot; marginheight=&quot;0&quot; vspace=&quot;0&quot; hspace=&quot;0&quot; allowtransparency=&quot;true&quot; scrolling=&quot;no&quot; allow=&quot;attribution-reporting; run-ad-auction&quot; src=&quot;https://googleads.g.doubleclick.net/pagead/html/r20241210/r20190131/zrt_lookup_fy2021.html#RS-0-&amp;amp;adk=1812271801&amp;amp;client=ca-pub-9173866185064071&amp;amp;fa=1&amp;amp;ifi=6&amp;amp;uci=a!6&amp;amp;btvi=5&quot; data-google-container-id=&quot;a!6&quot; tabindex=&quot;0&quot; title=&quot;Advertisement&quot; aria-label=&quot;Advertisement&quot; data-google-query-id=&quot;COOIov22oYoDFVCJrAId-Ogrmg&quot; data-load-complete=&quot;true&quot;&gt;&lt;/iframe&gt;&#10;  (Session info: chrome=131.0.6778.109)&#10;Build info: version: &apos;4.13.0&apos;, revision: &apos;ba948ece5b*&apos;&#10;System info: os.name: &apos;Windows 10&apos;, os.arch: &apos;amd64&apos;, os.version: &apos;10.0&apos;, java.version: &apos;17.0.9&apos;&#10;Driver info: org.openqa.selenium.chrome.ChromeDriver&#10;Command: [6310fcd5d07275f46db26771ff292e0c, clickElement {id=f.33898C7325DDEE3B694EF7A91C2A6A11.d.AA424B8A65DD672D343E66BCA1FDF5D4.e.44}]&#10;Capabilities {acceptInsecureCerts: false, browserName: chrome, browserVersion: 131.0.6778.109, chrome: {chromedriverVersion: 131.0.6778.85 (3d81e41b6f3a..., userDataDir: C:\Users\Admin\AppData\Loca...}, fedcm:accounts: true, goog:chromeOptions: {debuggerAddress: localhost:60184}, networkConnectionEnabled: false, pageLoadStrategy: normal, platformName: windows, proxy: Proxy(), se:cdp: ws://localhost:60184/devtoo..., se:cdpVersion: 131.0.6778.109, setWindowRect: true, strictFileInteractability: false, timeouts: {implicit: 0, pageLoad: 300000, script: 30000}, unhandledPromptBehavior: dismiss and notify, webauthn:extension:credBlob: true, webauthn:extension:largeBlob: true, webauthn:extension:minPinLength: true, webauthn:extension:prf: true, webauthn:virtualAuthenticators: true}&#10;Element: [[ChromeDriver: chrome on windows (6310fcd5d07275f46db26771ff292e0c)] -&gt; xpath: //input[@name=&apos;register&apos;]]&#10;Session ID: 6310fcd5d07275f46db26771ff292e0c" type="org.openqa.selenium.ElementClickInterceptedException"><![CDATA[org.openqa.selenium.ElementClickInterceptedException: 
element click intercepted: Element <input type="submit" class="woocommerce-Button button" name="register" value="Register"> is not clickable at point (640, 419). Other element would receive the click: <iframe id="aswift_5" name="aswift_5" browsingtopics="true" style="width: 728px !important; height: 90px !important; display: block; margin: 0px auto;" sandbox="allow-forms allow-popups allow-popups-to-escape-sandbox allow-same-origin allow-scripts allow-top-navigation-by-user-activation" width="728" height="90" frameborder="0" marginwidth="0" marginheight="0" vspace="0" hspace="0" allowtransparency="true" scrolling="no" allow="attribution-reporting; run-ad-auction" src="https://googleads.g.doubleclick.net/pagead/html/r20241210/r20190131/zrt_lookup_fy2021.html#RS-0-&amp;adk=1812271801&amp;client=ca-pub-9173866185064071&amp;fa=1&amp;ifi=6&amp;uci=a!6&amp;btvi=5" data-google-container-id="a!6" tabindex="0" title="Advertisement" aria-label="Advertisement" data-google-query-id="COOIov22oYoDFVCJrAId-Ogrmg" data-load-complete="true"></iframe>
  (Session info: chrome=131.0.6778.109)
Build info: version: '4.13.0', revision: 'ba948ece5b*'
System info: os.name: 'Windows 10', os.arch: 'amd64', os.version: '10.0', java.version: '17.0.9'
Driver info: org.openqa.selenium.chrome.ChromeDriver
Command: [6310fcd5d07275f46db26771ff292e0c, clickElement {id=f.33898C7325DDEE3B694EF7A91C2A6A11.d.AA424B8A65DD672D343E66BCA1FDF5D4.e.44}]
Capabilities {acceptInsecureCerts: false, browserName: chrome, browserVersion: 131.0.6778.109, chrome: {chromedriverVersion: 131.0.6778.85 (3d81e41b6f3a..., userDataDir: C:\Users\Admin\AppData\Loca...}, fedcm:accounts: true, goog:chromeOptions: {debuggerAddress: localhost:60184}, networkConnectionEnabled: false, pageLoadStrategy: normal, platformName: windows, proxy: Proxy(), se:cdp: ws://localhost:60184/devtoo..., se:cdpVersion: 131.0.6778.109, setWindowRect: true, strictFileInteractability: false, timeouts: {implicit: 0, pageLoad: 300000, script: 30000}, unhandledPromptBehavior: dismiss and notify, webauthn:extension:credBlob: true, webauthn:extension:largeBlob: true, webauthn:extension:minPinLength: true, webauthn:extension:prf: true, webauthn:virtualAuthenticators: true}
Element: [[ChromeDriver: chrome on windows (6310fcd5d07275f46db26771ff292e0c)] -> xpath: //input[@name='register']]
Session ID: 6310fcd5d07275f46db26771ff292e0c
	at com.automationFramev1.testCases.TC_TestCases_001.testUserRegistration(TC_TestCases_001.java:32)
]]></failure>
    <system-out><![CDATA[2024-12-12 10:25:44 INFO  Baseclass:63 - Opened application: https://practice.automationtesting.in/
2024-12-12 10:25:46 INFO  Baseclass:22 - Clicked on 'My Account'
2024-12-12 10:25:47 INFO  Baseclass:27 - Entered email: mallikarjundalal409@gmail.com
2024-12-12 10:25:47 INFO  Baseclass:29 - Entered password
]]></system-out>
    <system-err><![CDATA[SLF4J: No SLF4J providers were found.
SLF4J: Defaulting to no-operation (NOP) logger implementation
SLF4J: See https://www.slf4j.org/codes.html#noProviders for further details.
SLF4J: Class path contains SLF4J bindings targeting slf4j-api versions 1.7.x or earlier.
SLF4J: Ignoring binding found at [jar:file:/C:/Users/Admin/.m2/repository/org/slf4j/slf4j-reload4j/1.7.36/slf4j-reload4j-1.7.36.jar!/org/slf4j/impl/StaticLoggerBinder.class]
SLF4J: See https://www.slf4j.org/codes.html#ignoredBindings for an explanation.
Dec 12, 2024 10:25:40 AM org.openqa.selenium.devtools.CdpVersionFinder findNearestMatch
WARNING: Unable to find CDP implementation matching 131
Dec 12, 2024 10:25:40 AM org.openqa.selenium.chromium.ChromiumDriver lambda$new$5
WARNING: Unable to find version of CDP to use for 131.0.6778.109. You may need to include a dependency on a specific version of the CDP using something similar to `org.seleniumhq.selenium:selenium-devtools-v86:4.13.0` where the version ("v86") matches the version of the chromium-based browser you're using and the version number of the artifact is the same as Selenium's.
log4j:ERROR Could not find value for key log4j.appender.Console
log4j:ERROR Could not instantiate appender named "Console".
]]></system-err>
  </testcase>
  <testcase name="loginData" classname="com.automationFramev1.testCases.TC_TestCases_002" time="14.436"/>
  <testcase name="loginData" classname="com.automationFramev1.testCases.TC_TestCases_002" time="13.157"/>
  <testcase name="loginData" classname="com.automationFramev1.testCases.TC_TestCases_002" time="11.923"/>
  <testcase name="loginData" classname="com.automationFramev1.testCases.TC_TestCases_002" time="16.879"/>
  <testcase name="loginData" classname="com.automationFramev1.testCases.TC_TestCases_002" time="13.218"/>
  <testcase name="homePageTest" classname="com.automationFramev1.testCases.TC_TestCases_003" time="21.436"/>
  <testcase name="Homepagethreearrivals" classname="com.automationFramev1.testCases.TC_Homepagethreearrivals_004" time="5.129"/>
  <testcase name="imagearrivals" classname="com.automationFramev1.testCases.TC_imagearrivals_005" time="6.836"/>
</testsuite>